

Started GET "/" for ::1 at 2015-03-31 11:54:18 +0800
Processing by Rails::WelcomeController#index as HTML
  Rendered /Users/Sandra/.rvm/gems/ruby-2.1.5/gems/railties-4.2.0/lib/rails/templates/rails/welcome/index.html.erb (2.3ms)
Completed 200 OK in 87ms (Views: 62.7ms | ActiveRecord: 0.0ms)


Started GET "/" for ::1 at 2015-03-31 11:54:36 +0800
Processing by Rails::WelcomeController#index as HTML
  Rendered /Users/Sandra/.rvm/gems/ruby-2.1.5/gems/railties-4.2.0/lib/rails/templates/rails/welcome/index.html.erb (0.1ms)
Completed 200 OK in 24ms (Views: 23.8ms | ActiveRecord: 0.0ms)
  [1m[36m (1.5ms)[0m  [1mCREATE TABLE "schema_migrations" ("version" varchar NOT NULL) [0m
  [1m[35m (0.4ms)[0m  select sqlite_version(*)
  [1m[36m (9.6ms)[0m  [1mCREATE UNIQUE INDEX "unique_schema_migrations" ON "schema_migrations" ("version")[0m
  [1m[35mActiveRecord::SchemaMigration Load (0.1ms)[0m  SELECT "schema_migrations".* FROM "schema_migrations"
Migrating to CreateDrinks (20150331035613)
  [1m[36m (0.1ms)[0m  [1mbegin transaction[0m
  [1m[35m (0.8ms)[0m  CREATE TABLE "drinks" ("id" INTEGER PRIMARY KEY AUTOINCREMENT NOT NULL, "name" varchar, "temperature" integer, "created_at" datetime NOT NULL, "updated_at" datetime NOT NULL) 
  [1m[36mSQL (0.2ms)[0m  [1mINSERT INTO "schema_migrations" ("version") VALUES (?)[0m  [["version", "20150331035613"]]
  [1m[35m (1.2ms)[0m  commit transaction
  [1m[36mActiveRecord::SchemaMigration Load (0.2ms)[0m  [1mSELECT "schema_migrations".* FROM "schema_migrations"[0m


Started GET "/drinks" for ::1 at 2015-03-31 11:57:18 +0800
  [1m[36mActiveRecord::SchemaMigration Load (0.2ms)[0m  [1mSELECT "schema_migrations".* FROM "schema_migrations"[0m
Processing by DrinksController#index as HTML
  [1m[35mDrink Load (23.4ms)[0m  SELECT "drinks".* FROM "drinks"
  Rendered drinks/index.html.erb within layouts/application (27.6ms)
Completed 200 OK in 2549ms (Views: 2439.3ms | ActiveRecord: 23.8ms)


Started GET "/assets/drinks-64e62ddc273c2f5847f30d698ca14b67.css?body=1" for ::1 at 2015-03-31 11:57:20 +0800


Started GET "/assets/application-02416363f39d626bb9a25a91b7078b61.css?body=1" for ::1 at 2015-03-31 11:57:20 +0800


Started GET "/assets/scaffolds-e633e9e478886b58c8ce296b0eaff618.css?body=1" for ::1 at 2015-03-31 11:57:20 +0800


Started GET "/assets/jquery-87424c3c19e96d4fb033c10ebe21ec40.js?body=1" for ::1 at 2015-03-31 11:57:20 +0800


Started GET "/assets/jquery_ujs-e27bd20a10d28155845a22d71ef94f2f.js?body=1" for ::1 at 2015-03-31 11:57:20 +0800


Started GET "/assets/turbolinks-f87b3583ca50adb0488b031297f5580d.js?body=1" for ::1 at 2015-03-31 11:57:20 +0800


Started GET "/assets/drinks-fcec5b5a277ac7c20cc9f45a209a3bcd.js?body=1" for ::1 at 2015-03-31 11:57:21 +0800


Started GET "/assets/application-001948a807d6467a657420955d9f0c1c.js?body=1" for ::1 at 2015-03-31 11:57:21 +0800


Started GET "/drinks" for ::1 at 2015-03-31 11:57:27 +0800
Processing by DrinksController#index as HTML
  [1m[36mDrink Load (0.2ms)[0m  [1mSELECT "drinks".* FROM "drinks"[0m
  Rendered drinks/index.html.erb within layouts/application (0.9ms)
Completed 200 OK in 69ms (Views: 68.2ms | ActiveRecord: 0.2ms)


Started GET "/drinks/new" for ::1 at 2015-03-31 11:57:32 +0800
Processing by DrinksController#new as HTML
  Rendered drinks/_form.html.erb (75.9ms)
  Rendered drinks/new.html.erb within layouts/application (108.6ms)
Completed 200 OK in 189ms (Views: 183.4ms | ActiveRecord: 0.5ms)


Started POST "/drinks" for ::1 at 2015-03-31 11:57:48 +0800
Processing by DrinksController#create as HTML
  Parameters: {"utf8"=>"✓", "authenticity_token"=>"1evmlsySO0TSc1dpfkFKyucLwOVB/+CIDGvPQeVW9Lwg7OaZe0JEnHnJG3x/xokpKIrcXh+AXJFFXh/3jKZZ4A==", "drink"=>{"name"=>"Cappuccino", "temperature"=>"135"}, "commit"=>"Create Drink"}
  [1m[35m (0.1ms)[0m  begin transaction
  [1m[36mSQL (12.4ms)[0m  [1mINSERT INTO "drinks" ("name", "temperature", "created_at", "updated_at") VALUES (?, ?, ?, ?)[0m  [["name", "Cappuccino"], ["temperature", 135], ["created_at", "2015-03-31 03:57:48.895661"], ["updated_at", "2015-03-31 03:57:48.895661"]]
  [1m[35m (1.2ms)[0m  commit transaction
Redirected to http://localhost:3000/drinks/1
Completed 302 Found in 178ms (ActiveRecord: 13.8ms)


Started GET "/drinks/1" for ::1 at 2015-03-31 11:57:49 +0800
Processing by DrinksController#show as HTML
  Parameters: {"id"=>"1"}
  [1m[36mDrink Load (0.2ms)[0m  [1mSELECT  "drinks".* FROM "drinks" WHERE "drinks"."id" = ? LIMIT 1[0m  [["id", 1]]
  Rendered drinks/show.html.erb within layouts/application (1.2ms)
Completed 200 OK in 94ms (Views: 62.8ms | ActiveRecord: 0.2ms)
